<?xml version="1.0" encoding="UTF-8"?>
<TestRun id="e5d40dab-4b1c-4c17-8a71-9e3ccae0216b" name="vkamat@VIVEKK 2016-08-30 10:59:51" runUser="INTERNAL\vkamat" xmlns="http://microsoft.com/schemas/VisualStudio/TeamTest/2010">
  <Times creation="2016-08-30T10:59:51.1169174+05:30" queuing="2016-08-30T10:59:51.1169174+05:30" start="2016-08-30T10:59:49.9748032+05:30" finish="2016-08-30T10:59:51.1569214+05:30" />
  <TestSettings name="default" id="04eb554b-33da-4583-aa67-e82d84ce4cca">
    <Execution>
      <TestTypeSpecific />
    </Execution>
    <Deployment runDeploymentRoot="vkamat_VIVEKK 2016-08-30 10_59_51" />
    <Properties />
  </TestSettings>
  <Results>
    <UnitTestResult executionId="ae6338dc-1856-44de-a017-17192d5d821c" testId="b30fc82f-b009-5f37-03df-2f6d3dca48fc" testName="CreateUser" computerName="VIVEKK" duration="00:00:00.0177470" startTime="2016-08-30T10:59:49.9748032+05:30" endTime="2016-08-30T10:59:50.1658223+05:30" testType="13cdc9d9-ddb5-4fa4-a97d-d965ccfc6d4b" outcome="Passed" testListId="8c84fa94-04c1-424b-9868-57a2d4851a1d" relativeResultsDirectory="ae6338dc-1856-44de-a017-17192d5d821c" />
  </Results>
  <TestDefinitions>
    <UnitTest name="CreateUser" storage="c:\users\vkamat\documents\visual studio 2015\projects\usermanagement\usermanagement.test\bin\debug\usermanagement.test.dll" id="b30fc82f-b009-5f37-03df-2f6d3dca48fc">
      <Execution id="ae6338dc-1856-44de-a017-17192d5d821c" />
      <TestMethod codeBase="C:\Users\vkamat\documents\visual studio 2015\Projects\UserManagement\UserManagement.Test\bin\Debug\UserManagement.Test.dll" adapterTypeName="Microsoft.VisualStudio.TestTools.TestTypes.Unit.UnitTestAdapter" className="UserManagement.Test.UserManagement" name="CreateUser" />
    </UnitTest>
  </TestDefinitions>
  <TestEntries>
    <TestEntry testId="b30fc82f-b009-5f37-03df-2f6d3dca48fc" executionId="ae6338dc-1856-44de-a017-17192d5d821c" testListId="8c84fa94-04c1-424b-9868-57a2d4851a1d" />
  </TestEntries>
  <TestLists>
    <TestList name="Results Not in a List" id="8c84fa94-04c1-424b-9868-57a2d4851a1d" />
    <TestList name="All Loaded Results" id="19431567-8539-422a-85d7-44ee4e166bda" />
  </TestLists>
  <ResultSummary outcome="Completed">
    <Counters total="1" executed="1" passed="1" failed="0" error="0" timeout="0" aborted="0" inconclusive="0" passedButRunAborted="0" notRunnable="0" notExecuted="0" disconnected="0" warning="0" completed="0" inProgress="0" pending="0" />
  </ResultSummary>
</TestRun>