<?xml version="1.0" encoding="UTF-8"?>
<TestRun id="1c634f75-c00a-4872-b526-d27558430744" name="vkamat@VIVEKK 2016-08-30 10:58:25" runUser="INTERNAL\vkamat" xmlns="http://microsoft.com/schemas/VisualStudio/TeamTest/2010">
  <Times creation="2016-08-30T10:58:25.2513317+05:30" queuing="2016-08-30T10:58:25.2513317+05:30" start="2016-08-30T10:58:24.1812247+05:30" finish="2016-08-30T10:58:25.2913357+05:30" />
  <TestSettings name="default" id="cd452ca2-b106-4e39-8754-40b723de9298">
    <Execution>
      <TestTypeSpecific />
    </Execution>
    <Deployment runDeploymentRoot="vkamat_VIVEKK 2016-08-30 10_58_25" />
    <Properties />
  </TestSettings>
  <Results>
    <UnitTestResult executionId="70c45947-5acc-4e63-bbda-9b1d284913b7" testId="b30fc82f-b009-5f37-03df-2f6d3dca48fc" testName="CreateUser" computerName="VIVEKK" duration="00:00:00.0177755" startTime="2016-08-30T10:58:24.1812247+05:30" endTime="2016-08-30T10:58:24.3702436+05:30" testType="13cdc9d9-ddb5-4fa4-a97d-d965ccfc6d4b" outcome="Passed" testListId="8c84fa94-04c1-424b-9868-57a2d4851a1d" relativeResultsDirectory="70c45947-5acc-4e63-bbda-9b1d284913b7" />
  </Results>
  <TestDefinitions>
    <UnitTest name="CreateUser" storage="c:\users\vkamat\documents\visual studio 2015\projects\usermanagement\usermanagement.test\bin\debug\usermanagement.test.dll" id="b30fc82f-b009-5f37-03df-2f6d3dca48fc">
      <Execution id="70c45947-5acc-4e63-bbda-9b1d284913b7" />
      <TestMethod codeBase="C:\Users\vkamat\documents\visual studio 2015\Projects\UserManagement\UserManagement.Test\bin\Debug\UserManagement.Test.dll" adapterTypeName="Microsoft.VisualStudio.TestTools.TestTypes.Unit.UnitTestAdapter" className="UserManagement.Test.UserManagement" name="CreateUser" />
    </UnitTest>
  </TestDefinitions>
  <TestEntries>
    <TestEntry testId="b30fc82f-b009-5f37-03df-2f6d3dca48fc" executionId="70c45947-5acc-4e63-bbda-9b1d284913b7" testListId="8c84fa94-04c1-424b-9868-57a2d4851a1d" />
  </TestEntries>
  <TestLists>
    <TestList name="Results Not in a List" id="8c84fa94-04c1-424b-9868-57a2d4851a1d" />
    <TestList name="All Loaded Results" id="19431567-8539-422a-85d7-44ee4e166bda" />
  </TestLists>
  <ResultSummary outcome="Completed">
    <Counters total="1" executed="1" passed="1" failed="0" error="0" timeout="0" aborted="0" inconclusive="0" passedButRunAborted="0" notRunnable="0" notExecuted="0" disconnected="0" warning="0" completed="0" inProgress="0" pending="0" />
  </ResultSummary>
</TestRun>