<?xml version="1.0" encoding="UTF-8"?>
<TestRun id="a7f2cf5b-5045-4080-9857-37ee3f059f38" name="vkamat@VIVEKK 2016-08-30 12:27:20" runUser="INTERNAL\vkamat" xmlns="http://microsoft.com/schemas/VisualStudio/TeamTest/2010">
  <Times creation="2016-08-30T12:27:20.8088623+05:30" queuing="2016-08-30T12:27:20.8088623+05:30" start="2016-08-30T12:27:19.3147129+05:30" finish="2016-08-30T12:27:20.8918706+05:30" />
  <TestSettings name="default" id="6bf181d8-4b74-4010-b8ea-be9890f4bb39">
    <Execution>
      <TestTypeSpecific />
    </Execution>
    <Deployment runDeploymentRoot="vkamat_VIVEKK 2016-08-30 12_27_20" />
    <Properties />
  </TestSettings>
  <Results>
    <UnitTestResult executionId="95307988-d3af-4b52-b5c9-a96a40daba2e" testId="8e6f3abd-cd02-56fc-69f1-4b5ed96fb320" testName="TestForUserIdZero" computerName="VIVEKK" duration="00:00:00.5390310" startTime="2016-08-30T12:27:19.3147129+05:30" endTime="2016-08-30T12:27:20.0287843+05:30" testType="13cdc9d9-ddb5-4fa4-a97d-d965ccfc6d4b" outcome="Passed" testListId="8c84fa94-04c1-424b-9868-57a2d4851a1d" relativeResultsDirectory="95307988-d3af-4b52-b5c9-a96a40daba2e" />
    <UnitTestResult executionId="f3287cf2-44e8-436a-b848-8534b295918a" testId="8b92d687-ebf9-e069-82f5-85665429e37f" testName="TestForUserIdNotSet" computerName="VIVEKK" duration="00:00:00.0049617" startTime="2016-08-30T12:27:20.0357850+05:30" endTime="2016-08-30T12:27:20.0417856+05:30" testType="13cdc9d9-ddb5-4fa4-a97d-d965ccfc6d4b" outcome="Passed" testListId="8c84fa94-04c1-424b-9868-57a2d4851a1d" relativeResultsDirectory="f3287cf2-44e8-436a-b848-8534b295918a" />
  </Results>
  <TestDefinitions>
    <UnitTest name="TestForUserIdZero" storage="c:\users\vkamat\documents\visual studio 2015\projects\usermanagement\usermanagement.test\bin\debug\usermanagement.test.dll" id="8e6f3abd-cd02-56fc-69f1-4b5ed96fb320">
      <Execution id="95307988-d3af-4b52-b5c9-a96a40daba2e" />
      <TestMethod codeBase="C:\Users\vkamat\documents\visual studio 2015\Projects\UserManagement\UserManagement.Test\bin\Debug\UserManagement.Test.dll" adapterTypeName="Microsoft.VisualStudio.TestTools.TestTypes.Unit.UnitTestAdapter" className="UserManagement.Test.CreateUser" name="TestForUserIdZero" />
    </UnitTest>
    <UnitTest name="TestForUserIdNotSet" storage="c:\users\vkamat\documents\visual studio 2015\projects\usermanagement\usermanagement.test\bin\debug\usermanagement.test.dll" id="8b92d687-ebf9-e069-82f5-85665429e37f">
      <Execution id="f3287cf2-44e8-436a-b848-8534b295918a" />
      <TestMethod codeBase="C:\Users\vkamat\documents\visual studio 2015\Projects\UserManagement\UserManagement.Test\bin\Debug\UserManagement.Test.dll" adapterTypeName="Microsoft.VisualStudio.TestTools.TestTypes.Unit.UnitTestAdapter" className="UserManagement.Test.CreateUser" name="TestForUserIdNotSet" />
    </UnitTest>
  </TestDefinitions>
  <TestEntries>
    <TestEntry testId="8e6f3abd-cd02-56fc-69f1-4b5ed96fb320" executionId="95307988-d3af-4b52-b5c9-a96a40daba2e" testListId="8c84fa94-04c1-424b-9868-57a2d4851a1d" />
    <TestEntry testId="8b92d687-ebf9-e069-82f5-85665429e37f" executionId="f3287cf2-44e8-436a-b848-8534b295918a" testListId="8c84fa94-04c1-424b-9868-57a2d4851a1d" />
  </TestEntries>
  <TestLists>
    <TestList name="Results Not in a List" id="8c84fa94-04c1-424b-9868-57a2d4851a1d" />
    <TestList name="All Loaded Results" id="19431567-8539-422a-85d7-44ee4e166bda" />
  </TestLists>
  <ResultSummary outcome="Completed">
    <Counters total="2" executed="2" passed="2" failed="0" error="0" timeout="0" aborted="0" inconclusive="0" passedButRunAborted="0" notRunnable="0" notExecuted="0" disconnected="0" warning="0" completed="0" inProgress="0" pending="0" />
  </ResultSummary>
</TestRun>