<?xml version="1.0" encoding="UTF-8"?>
<TestRun id="2068c8f3-a9bd-48cb-8954-fc454183028b" name="vkamat@VIVEKK 2016-08-30 10:59:05" runUser="INTERNAL\vkamat" xmlns="http://microsoft.com/schemas/VisualStudio/TeamTest/2010">
  <Times creation="2016-08-30T10:59:06.0034065+05:30" queuing="2016-08-30T10:59:06.0034065+05:30" start="2016-08-30T10:59:05.6233685+05:30" finish="2016-08-30T10:59:06.0444106+05:30" />
  <TestSettings name="default" id="f7bc06f8-53dc-43c0-8719-956de3017263">
    <Execution>
      <TestTypeSpecific />
    </Execution>
    <Deployment runDeploymentRoot="vkamat_VIVEKK 2016-08-30 10_59_05" />
    <Properties />
  </TestSettings>
  <Results>
    <UnitTestResult executionId="d3497db5-65e7-4e0b-a67d-f13258086374" testId="b30fc82f-b009-5f37-03df-2f6d3dca48fc" testName="CreateUser" computerName="VIVEKK" duration="00:00:00.0177377" startTime="2016-08-30T10:59:05.6233685+05:30" endTime="2016-08-30T10:59:05.8143876+05:30" testType="13cdc9d9-ddb5-4fa4-a97d-d965ccfc6d4b" outcome="Passed" testListId="8c84fa94-04c1-424b-9868-57a2d4851a1d" relativeResultsDirectory="d3497db5-65e7-4e0b-a67d-f13258086374" />
  </Results>
  <TestDefinitions>
    <UnitTest name="CreateUser" storage="c:\users\vkamat\documents\visual studio 2015\projects\usermanagement\usermanagement.test\bin\debug\usermanagement.test.dll" id="b30fc82f-b009-5f37-03df-2f6d3dca48fc">
      <Execution id="d3497db5-65e7-4e0b-a67d-f13258086374" />
      <TestMethod codeBase="C:\Users\vkamat\documents\visual studio 2015\Projects\UserManagement\UserManagement.Test\bin\Debug\UserManagement.Test.dll" adapterTypeName="Microsoft.VisualStudio.TestTools.TestTypes.Unit.UnitTestAdapter" className="UserManagement.Test.UserManagement" name="CreateUser" />
    </UnitTest>
  </TestDefinitions>
  <TestEntries>
    <TestEntry testId="b30fc82f-b009-5f37-03df-2f6d3dca48fc" executionId="d3497db5-65e7-4e0b-a67d-f13258086374" testListId="8c84fa94-04c1-424b-9868-57a2d4851a1d" />
  </TestEntries>
  <TestLists>
    <TestList name="Results Not in a List" id="8c84fa94-04c1-424b-9868-57a2d4851a1d" />
    <TestList name="All Loaded Results" id="19431567-8539-422a-85d7-44ee4e166bda" />
  </TestLists>
  <ResultSummary outcome="Completed">
    <Counters total="1" executed="1" passed="1" failed="0" error="0" timeout="0" aborted="0" inconclusive="0" passedButRunAborted="0" notRunnable="0" notExecuted="0" disconnected="0" warning="0" completed="0" inProgress="0" pending="0" />
  </ResultSummary>
</TestRun>