<?xml version="1.0" encoding="UTF-8"?>
<TestRun id="11824c39-3b02-4261-8610-2600ebdbd04f" name="vkamat@VIVEKK 2016-08-30 12:30:36" runUser="INTERNAL\vkamat" xmlns="http://microsoft.com/schemas/VisualStudio/TeamTest/2010">
  <Times creation="2016-08-30T12:30:36.0663861+05:30" queuing="2016-08-30T12:30:36.0663861+05:30" start="2016-08-30T12:30:34.5922387+05:30" finish="2016-08-30T12:30:36.1203915+05:30" />
  <TestSettings name="default" id="169c43c6-de9a-484d-b2a8-7b08a53c181f">
    <Execution>
      <TestTypeSpecific />
    </Execution>
    <Deployment runDeploymentRoot="vkamat_VIVEKK 2016-08-30 12_30_36" />
    <Properties />
  </TestSettings>
  <Results>
    <UnitTestResult executionId="83e3e610-3890-44be-ad7a-9ab9ac4b14e6" testId="8e6f3abd-cd02-56fc-69f1-4b5ed96fb320" testName="TestForUserIdZero" computerName="VIVEKK" duration="00:00:00.4979039" startTime="2016-08-30T12:30:34.5922387+05:30" endTime="2016-08-30T12:30:35.2623057+05:30" testType="13cdc9d9-ddb5-4fa4-a97d-d965ccfc6d4b" outcome="Passed" testListId="8c84fa94-04c1-424b-9868-57a2d4851a1d" relativeResultsDirectory="83e3e610-3890-44be-ad7a-9ab9ac4b14e6" />
    <UnitTestResult executionId="7fccbcc1-dadb-4277-9dc4-61bf67e34025" testId="8b92d687-ebf9-e069-82f5-85665429e37f" testName="TestForUserIdNotSet" computerName="VIVEKK" duration="00:00:00.0051831" startTime="2016-08-30T12:30:35.2703065+05:30" endTime="2016-08-30T12:30:35.2763071+05:30" testType="13cdc9d9-ddb5-4fa4-a97d-d965ccfc6d4b" outcome="Passed" testListId="8c84fa94-04c1-424b-9868-57a2d4851a1d" relativeResultsDirectory="7fccbcc1-dadb-4277-9dc4-61bf67e34025" />
  </Results>
  <TestDefinitions>
    <UnitTest name="TestForUserIdZero" storage="c:\users\vkamat\documents\visual studio 2015\projects\usermanagement\usermanagement.test\bin\debug\usermanagement.test.dll" id="8e6f3abd-cd02-56fc-69f1-4b5ed96fb320">
      <Execution id="83e3e610-3890-44be-ad7a-9ab9ac4b14e6" />
      <TestMethod codeBase="C:\Users\vkamat\documents\visual studio 2015\Projects\UserManagement\UserManagement.Test\bin\Debug\UserManagement.Test.dll" adapterTypeName="Microsoft.VisualStudio.TestTools.TestTypes.Unit.UnitTestAdapter" className="UserManagement.Test.CreateUser" name="TestForUserIdZero" />
    </UnitTest>
    <UnitTest name="TestForUserIdNotSet" storage="c:\users\vkamat\documents\visual studio 2015\projects\usermanagement\usermanagement.test\bin\debug\usermanagement.test.dll" id="8b92d687-ebf9-e069-82f5-85665429e37f">
      <Execution id="7fccbcc1-dadb-4277-9dc4-61bf67e34025" />
      <TestMethod codeBase="C:\Users\vkamat\documents\visual studio 2015\Projects\UserManagement\UserManagement.Test\bin\Debug\UserManagement.Test.dll" adapterTypeName="Microsoft.VisualStudio.TestTools.TestTypes.Unit.UnitTestAdapter" className="UserManagement.Test.CreateUser" name="TestForUserIdNotSet" />
    </UnitTest>
  </TestDefinitions>
  <TestEntries>
    <TestEntry testId="8e6f3abd-cd02-56fc-69f1-4b5ed96fb320" executionId="83e3e610-3890-44be-ad7a-9ab9ac4b14e6" testListId="8c84fa94-04c1-424b-9868-57a2d4851a1d" />
    <TestEntry testId="8b92d687-ebf9-e069-82f5-85665429e37f" executionId="7fccbcc1-dadb-4277-9dc4-61bf67e34025" testListId="8c84fa94-04c1-424b-9868-57a2d4851a1d" />
  </TestEntries>
  <TestLists>
    <TestList name="Results Not in a List" id="8c84fa94-04c1-424b-9868-57a2d4851a1d" />
    <TestList name="All Loaded Results" id="19431567-8539-422a-85d7-44ee4e166bda" />
  </TestLists>
  <ResultSummary outcome="Completed">
    <Counters total="2" executed="2" passed="2" failed="0" error="0" timeout="0" aborted="0" inconclusive="0" passedButRunAborted="0" notRunnable="0" notExecuted="0" disconnected="0" warning="0" completed="0" inProgress="0" pending="0" />
  </ResultSummary>
</TestRun>